<?xml version="1.0" encoding="UTF-8"?>
<testsuite name="runner.LoginPageTest" tests="1" skipped="0" failures="0" errors="0" timestamp="2021-09-03T11:10:46" hostname="QT-UK-LT1168" time="11.647">
  <properties/>
  <testcase name="login" classname="runner.LoginPageTest" time="11.647"/>
  <system-out><![CDATA[]]></system-out>
  <system-err><![CDATA[Starting ChromeDriver 92.0.4515.107 (87a818b10553a07434ea9e2b6dccf3cbe7895134-refs/branch-heads/4515@{#1634}) on port 37732
Only local connections are allowed.
Please see https://chromedriver.chromium.org/security-considerations for suggestions on keeping ChromeDriver safe.
ChromeDriver was started successfully.
Sep 03, 2021 12:10:48 PM org.openqa.selenium.remote.ProtocolHandshake createSession
INFO: Detected dialect: W3C
]]></system-err>
</testsuite>
